<?xml version="1.0" encoding="UTF-8"?>
<coverage generated="1691583957640" clover="3.2.0">
  <project timestamp="1691583957640" name="All files">
    <metrics statements="6" coveredstatements="5" conditionals="4" coveredconditionals="2" methods="2" coveredmethods="1" elements="12" coveredelements="8" complexity="0" loc="6" ncloc="6" packages="2" files="2" classes="2"/>
    <package name="src">
      <metrics statements="1" coveredstatements="1" conditionals="0" coveredconditionals="0" methods="0" coveredmethods="0"/>
      <file name="mock-data.js" path="C:\Users\jvkee\Documents\careerfoundry\meet\meet\src\mock-data.js">
        <metrics statements="1" coveredstatements="1" conditionals="0" coveredconditionals="0" methods="0" coveredmethods="0"/>
        <line num="3" count="2" type="stmt"/>
      </file>
    </package>
    <package name="src.components">
      <metrics statements="5" coveredstatements="4" conditionals="4" coveredconditionals="2" methods="2" coveredmethods="1"/>
      <file name="Event.js" path="C:\Users\jvkee\Documents\careerfoundry\meet\meet\src\components\Event.js">
        <metrics statements="5" coveredstatements="4" conditionals="4" coveredconditionals="2" methods="2" coveredmethods="1"/>
        <line num="4" count="2" type="stmt"/>
        <line num="5" count="35" type="stmt"/>
        <line num="6" count="35" type="stmt"/>
        <line num="7" count="0" type="stmt"/>
        <line num="9" count="35" type="stmt"/>
      </file>
    </package>
  </project>
</coverage>
