{"C:\\Users\\jvkee\\Documents\\careerfoundry\\meet\\meet\\src\\mock-data.js": {"path":"C:\\Users\\jvkee\\Documents\\careerfoundry\\meet\\meet\\src\\mock-data.js","statementMap":{"0":{"start":{"line":3,"column":17},"end":{"line":1371,"column":2}}},"fnMap":{},"branchMap":{},"s":{"0":2},"f":{},"b":{},"_coverageSchema":"1a1c01bbd47fc00a2c39e90264f33305004495a9","hash":"fddda06abc7635961dff59cd581605122c3fe630"}
,"C:\\Users\\jvkee\\Documents\\careerfoundry\\meet\\meet\\src\\components\\Event.js": {"path":"C:\\Users\\jvkee\\Documents\\careerfoundry\\meet\\meet\\src\\components\\Event.js","statementMap":{"0":{"start":{"line":4,"column":14},"end":{"line":23,"column":1}},"1":{"start":{"line":5,"column":40},"end":{"line":5,"column":55}},"2":{"start":{"line":6,"column":24},"end":{"line":8,"column":3}},"3":{"start":{"line":7,"column":4},"end":{"line":7,"column":33}},"4":{"start":{"line":9,"column":2},"end":{"line":22,"column":4}}},"fnMap":{"0":{"name":"(anonymous_0)","decl":{"start":{"line":4,"column":14},"end":{"line":4,"column":15}},"loc":{"start":{"line":4,"column":29},"end":{"line":23,"column":1}},"line":4},"1":{"name":"(anonymous_1)","decl":{"start":{"line":6,"column":24},"end":{"line":6,"column":25}},"loc":{"start":{"line":6,"column":30},"end":{"line":8,"column":3}},"line":6}},"branchMap":{"0":{"loc":{"start":{"line":16,"column":9},"end":{"line":16,"column":78}},"type":"binary-expr","locations":[{"start":{"line":16,"column":9},"end":{"line":16,"column":20}},{"start":{"line":16,"column":24},"end":{"line":16,"column":78}}],"line":16},"1":{"loc":{"start":{"line":18,"column":11},"end":{"line":18,"column":56}},"type":"cond-expr","locations":[{"start":{"line":18,"column":25},"end":{"line":18,"column":39}},{"start":{"line":18,"column":42},"end":{"line":18,"column":56}}],"line":18}},"s":{"0":2,"1":35,"2":35,"3":0,"4":35},"f":{"0":35,"1":0},"b":{"0":[35,0],"1":[0,35]},"_coverageSchema":"1a1c01bbd47fc00a2c39e90264f33305004495a9","hash":"a45f05c63ab46a6669bea45696c85ccba3ac60e0"}
}
